<?xml version="1.0" encoding="UTF-8"?>
<!-- Generated by org.testng.reporters.JUnitXMLReporter -->
<testsuite hostname="CP-PC" name="Default test" tests="1" failures="1" timestamp="19 Dec 2016 18:35:36 GMT" time="88.729" errors="0">
  <testcase name="RoundTrip" time="61.451" classname="com.gojek.Test.BookRoundTrip">
    <failure type="org.openqa.selenium.WebDriverException" message="unknown error: Element &amp;lt;input type=&amp;quot;text&amp;quot; pattern=&amp;quot;[0-9]*&amp;quot; id=&amp;quot;debitCardNumberDisp&amp;quot; autocomplete=&amp;quot;off&amp;quot; cardtypefieldname=&amp;quot;dc_type&amp;quot; maxlength=&amp;quot;19&amp;quot; oncontextmenu=&amp;quot;return false&amp;quot; etitle=&amp;quot;Debit card&amp;quot; size=&amp;quot;19&amp;quot; validate=&amp;quot;true&amp;quot; class=&amp;quot;required creditCardNumber creditCardDisplay cardNumber fLeft large&amp;quot; placeholder=&amp;quot;Card number&amp;quot;&amp;gt; is not clickable at point (663, 473). Other element would receive the click: &amp;lt;li id=&amp;quot;dcvisa&amp;quot; class=&amp;quot;cardType visa&amp;quot;&amp;gt;...&amp;lt;/li&amp;gt;
  (Session info: chrome=55.0.2883.87)
  (Driver info: chromedriver=2.26.436382 (70eb799287ce4c2208441fc057053a5b07ceabac),platform=Linux 4.4.0-53-generic x86_64) (WARNING: The server did not provide any stacktrace information)
Command duration or timeout: 65 milliseconds
Build info: version: &amp;apos;3.0.1&amp;apos;, revision: &amp;apos;1969d75&amp;apos;, time: &amp;apos;2016-10-18 09:49:13 -0700&amp;apos;
System info: host: &amp;apos;CP-PC&amp;apos;, ip: &amp;apos;127.0.1.1&amp;apos;, os.name: &amp;apos;Linux&amp;apos;, os.arch: &amp;apos;amd64&amp;apos;, os.version: &amp;apos;4.4.0-53-generic&amp;apos;, java.version: &amp;apos;1.8.0_111&amp;apos;
Driver info: org.openqa.selenium.chrome.ChromeDriver
Capabilities [{applicationCacheEnabled=false, rotatable=false, mobileEmulationEnabled=false, networkConnectionEnabled=false, chrome={chromedriverVersion=2.26.436382 (70eb799287ce4c2208441fc057053a5b07ceabac), userDataDir=/tmp/.org.chromium.Chromium.mBPVoN}, takesHeapSnapshot=true, pageLoadStrategy=normal, databaseEnabled=false, handlesAlerts=true, hasTouchScreen=false, version=55.0.2883.87, platform=LINUX, browserConnectionEnabled=false, nativeEvents=true, acceptSslCerts=true, locationContextEnabled=true, webStorageEnabled=true, browserName=chrome, takesScreenshot=true, javascriptEnabled=true, cssSelectorsEnabled=true, unexpectedAlertBehaviour=}]
Session ID: 071864dc1f901f3921d362f659318bdc">
      <![CDATA[org.openqa.selenium.WebDriverException: unknown error: Element <input type="text" pattern="[0-9]*" id="debitCardNumberDisp" autocomplete="off" cardtypefieldname="dc_type" maxlength="19" oncontextmenu="return false" etitle="Debit card" size="19" validate="true" class="required creditCardNumber creditCardDisplay cardNumber fLeft large" placeholder="Card number"> is not clickable at point (663, 473). Other element would receive the click: <li id="dcvisa" class="cardType visa">...</li>
  (Session info: chrome=55.0.2883.87)
  (Driver info: chromedriver=2.26.436382 (70eb799287ce4c2208441fc057053a5b07ceabac),platform=Linux 4.4.0-53-generic x86_64) (WARNING: The server did not provide any stacktrace information)
Command duration or timeout: 65 milliseconds
Build info: version: '3.0.1', revision: '1969d75', time: '2016-10-18 09:49:13 -0700'
System info: host: 'CP-PC', ip: '127.0.1.1', os.name: 'Linux', os.arch: 'amd64', os.version: '4.4.0-53-generic', java.version: '1.8.0_111'
Driver info: org.openqa.selenium.chrome.ChromeDriver
Capabilities [{applicationCacheEnabled=false, rotatable=false, mobileEmulationEnabled=false, networkConnectionEnabled=false, chrome={chromedriverVersion=2.26.436382 (70eb799287ce4c2208441fc057053a5b07ceabac), userDataDir=/tmp/.org.chromium.Chromium.mBPVoN}, takesHeapSnapshot=true, pageLoadStrategy=normal, databaseEnabled=false, handlesAlerts=true, hasTouchScreen=false, version=55.0.2883.87, platform=LINUX, browserConnectionEnabled=false, nativeEvents=true, acceptSslCerts=true, locationContextEnabled=true, webStorageEnabled=true, browserName=chrome, takesScreenshot=true, javascriptEnabled=true, cssSelectorsEnabled=true, unexpectedAlertBehaviour=}]
Session ID: 071864dc1f901f3921d362f659318bdc
	at sun.reflect.NativeConstructorAccessorImpl.newInstance0(Native Method)
	at sun.reflect.NativeConstructorAccessorImpl.newInstance(NativeConstructorAccessorImpl.java:62)
	at sun.reflect.DelegatingConstructorAccessorImpl.newInstance(DelegatingConstructorAccessorImpl.java:45)
	at java.lang.reflect.Constructor.newInstance(Constructor.java:423)
	at org.openqa.selenium.remote.ErrorHandler.createThrowable(ErrorHandler.java:216)
	at org.openqa.selenium.remote.ErrorHandler.throwIfResponseFailed(ErrorHandler.java:168)
	at org.openqa.selenium.remote.RemoteWebDriver.execute(RemoteWebDriver.java:635)
	at org.openqa.selenium.remote.RemoteWebElement.execute(RemoteWebElement.java:274)
	at org.openqa.selenium.remote.RemoteWebElement.click(RemoteWebElement.java:84)
	at sun.reflect.NativeMethodAccessorImpl.invoke0(Native Method)
	at sun.reflect.NativeMethodAccessorImpl.invoke(NativeMethodAccessorImpl.java:62)
	at sun.reflect.DelegatingMethodAccessorImpl.invoke(DelegatingMethodAccessorImpl.java:43)
	at java.lang.reflect.Method.invoke(Method.java:498)
	at org.openqa.selenium.support.pagefactory.internal.LocatingElementHandler.invoke(LocatingElementHandler.java:51)
	at com.sun.proxy.$Proxy6.click(Unknown Source)
	at com.gojek.Test.BookRoundTrip.RoundTrip(BookRoundTrip.java:85)
	at sun.reflect.NativeMethodAccessorImpl.invoke0(Native Method)
	at sun.reflect.NativeMethodAccessorImpl.invoke(NativeMethodAccessorImpl.java:62)
	at sun.reflect.DelegatingMethodAccessorImpl.invoke(DelegatingMethodAccessorImpl.java:43)
	at java.lang.reflect.Method.invoke(Method.java:498)
	at org.testng.internal.MethodInvocationHelper.invokeMethod(MethodInvocationHelper.java:80)
	at org.testng.internal.Invoker.invokeMethod(Invoker.java:714)
	at org.testng.internal.Invoker.invokeTestMethod(Invoker.java:901)
	at org.testng.internal.Invoker.invokeTestMethods(Invoker.java:1231)
	at org.testng.internal.TestMethodWorker.invokeTestMethods(TestMethodWorker.java:127)
	at org.testng.internal.TestMethodWorker.run(TestMethodWorker.java:111)
	at org.testng.TestRunner.privateRun(TestRunner.java:767)
	at org.testng.TestRunner.run(TestRunner.java:617)
	at org.testng.SuiteRunner.runTest(SuiteRunner.java:334)
	at org.testng.SuiteRunner.runSequentially(SuiteRunner.java:329)
	at org.testng.SuiteRunner.privateRun(SuiteRunner.java:291)
	at org.testng.SuiteRunner.run(SuiteRunner.java:240)
	at org.testng.SuiteRunnerWorker.runSuite(SuiteRunnerWorker.java:52)
	at org.testng.SuiteRunnerWorker.run(SuiteRunnerWorker.java:86)
	at org.testng.TestNG.runSuitesSequentially(TestNG.java:1198)
	at org.testng.TestNG.runSuitesLocally(TestNG.java:1123)
	at org.testng.TestNG.run(TestNG.java:1031)
	at org.testng.remote.AbstractRemoteTestNG.run(AbstractRemoteTestNG.java:132)
	at org.testng.remote.RemoteTestNG.initAndRun(RemoteTestNG.java:236)
	at org.testng.remote.RemoteTestNG.main(RemoteTestNG.java:81)
]]>
    </failure>
  </testcase> <!-- RoundTrip -->
</testsuite> <!-- Default test -->
